2020-02-19 14:53:41.821 (0x7fffc5ccfb90) Debug: WinIdChange c00006 handle QWidgetWindow(0x55d16dbb42d0, name="LXQtPanel panel1Window") QScreen(0x55d16db612f0, name="eDP1")
2020-02-19 14:53:53.890 (0x7ffd1ec6de70) Debug: WinIdChange c00006 handle QWidgetWindow(0x5613bf578e00, name="LXQtPanel panel1Window") QScreen(0x5613bf5251f0, name="eDP1")
2020-02-19 14:54:09.559 (0x7fff8fac1590) Debug: WinIdChange c00006 handle QWidgetWindow(0x556e3c389d90, name="LXQtPanel panel1Window") QScreen(0x556e3c336150, name="eDP1")
2020-02-19 14:55:57.269 (0x7ffd7f14ff20) Debug: WinIdChange 1a00006 handle QWidgetWindow(0x556aa3526da0, name="LXQtPanel panel1Window") QScreen(0x556aa34d3150, name="eDP1")
2020-02-19 14:56:08.717 (0x7ffd40470890) Debug: WinIdChange 1a00006 handle QWidgetWindow(0x559ef08dcd80, name="LXQtPanel panel1Window") QScreen(0x559ef0889120, name="eDP1")
2020-02-21 13:16:43.118 (0x7ffeba7c8020) Debug: WinIdChange c00006 handle QWidgetWindow(0x5564c0f6ada0, name="LXQtPanel panel1Window") QScreen(0x5564c0f172b0, name="eDP1")
2020-02-21 13:16:46.551 (0x7fffe80ff6a0) Debug: WinIdChange c00006 handle QWidgetWindow(0x55b7995d2e00, name="LXQtPanel panel1Window") QScreen(0x55b79957f1f0, name="eDP1")
2020-02-21 13:16:49.019 (0x7ffdb30e3740) Debug: WinIdChange 1e00006 handle QWidgetWindow(0x56242b488e00, name="LXQtPanel panel1Window") QScreen(0x56242b4351f0, name="eDP1")
2020-02-21 13:16:56.775 (0x7ffc8f5bfe80) Debug: WinIdChange c00006 handle QWidgetWindow(0x56144ab0ae00, name="LXQtPanel panel1Window") QScreen(0x56144aab7190, name="eDP1")
2020-02-21 13:20:17.198 (0x7fffae4e05a0) Debug: WinIdChange 1800006 handle QWidgetWindow(0x55a2cce92e00, name="LXQtPanel panel1Window") QScreen(0x55a2cce3f1f0, name="eDP1")
2020-02-21 13:21:09.673 (0x7ffe43566080) Debug: WinIdChange 1800006 handle QWidgetWindow(0x56079bc401d0, name="LXQtPanel panel1Window") QScreen(0x56079bbed1c0, name="eDP1")
2020-02-29 12:13:17.201 (0x7ffe66a0faa0) Debug: New PolkitAgentListener  0x557816646aa0
2020-02-29 12:13:17.202 (0x7ffe66a0faa0) Debug: Adding new listener  PolkitQt1::Agent::Listener(0x7ffe66a0fab0) for  0x557816646aa0
2020-03-16 00:01:47.884 (0x7ffcc3744b70) Debug: WinIdChange 5c00006 handle QWidgetWindow(0x55ad6349e660, name="LXQtPanel panel1Window") QScreen(0x55ad6344b700, name="eDP1")
2020-03-16 00:03:10.014 (0x7fff18022640) Debug: WinIdChange c00006 handle QWidgetWindow(0x564b716efa60, name="LXQtPanel panel1Window") QScreen(0x564b7169c7b0, name="eDP1")
2020-03-16 00:04:30.467 (0x7ffe6803b2b0) Debug: WinIdChange c00006 handle QWidgetWindow(0x560f35d13a60, name="LXQtPanel panel1Window") QScreen(0x560f35cbf7f0, name="eDP1")
2020-03-16 00:04:35.481 (0x7ffd3c395390) Debug: WinIdChange 6800006 handle QWidgetWindow(0x558d66ba6430, name="LXQtPanel panel1Window") QScreen(0x558d66b526f0, name="eDP1")
2020-03-26 22:20:11.009 (0x7ffd2bc9d430) Debug: WinIdChange 1000006 handle QWidgetWindow(0x55a49ab91a70, name="LXQtPanel panel1Window") QScreen(0x55a49ab3d7f0, name="eDP1")
2020-04-09 16:50:17.473 (0x7ffc106a2ab0) Debug: WinIdChange e00006 handle QWidgetWindow(0x55ff654a8b00, name="LXQtPanel panel1Window") QScreen(0x55ff654547f0, name="eDP1")
2020-04-09 20:54:49.057 (0x7ffc17fbe3d0) Debug: WinIdChange 2400006 handle QWidgetWindow(0x55892a1b7840, name="LXQtPanel panel1Window") QScreen(0x55892a1637e0, name="eDP1")
2020-04-09 20:54:54.608 (0x7ffdaeea6550) Debug: WinIdChange 2400006 handle QWidgetWindow(0x55e26637e6b0, name="LXQtPanel panel1Window") QScreen(0x55e26632a700, name="eDP1")
2020-04-10 08:59:22.095 (0x7fffd699ac30) Debug: WinIdChange 1c00006 handle QWidgetWindow(0x55c6cc79bb10, name="LXQtPanel panel1Window") QScreen(0x55c6cc7477f0, name="eDP1")
2020-04-23 10:36:07.874 (0x7fff7c1d8b60) Debug: registerService failed: another service with 'org.freedesktop.Notifications' runs already
2020-04-23 11:15:24.315 (0x7ffedca001f0) Debug: Notification app "notify-send" summary "dotfiles copied from /home/user/other/dotfiles to /home/user" is already registered but this request is not an update. Broken app?
2020-04-23 11:16:07.637 (0x7ffff30d25e0) Debug: WinIdChange e00006 handle QWidgetWindow(0x55cd32aa46b0, name="LXQtPanel panel1Window") QScreen(0x55cd32a50700, name="eDP1")
2020-04-23 11:16:12.426 (0x7ffcf822d3f0) Debug: WinIdChange e00006 handle QWidgetWindow(0x55d9d712a4d0, name="LXQtPanel panel1Window") QScreen(0x55d9d70d66f0, name="eDP1")
2020-04-23 11:16:31.066 (0x7ffd4ec73ae0) Debug: WinIdChange e00006 handle QWidgetWindow(0x56462eac3ac0, name="LXQtPanel panel1Window") QScreen(0x56462ea6f660, name="eDP1")
2020-04-23 11:17:36.765 (0x7ffedca001f0) Warning: QSystemTrayIcon::setVisible: No Icon set
2020-04-23 11:26:39.391 (0x7ffedca001f0) Warning: The X11 connection broke (error 1). Did the X11 server die?
2020-04-23 11:27:07.756 (0x7fff05db4830) Warning: QSystemTrayIcon::setVisible: No Icon set
2020-04-23 11:28:43.182 (0x7fff05db4830) Warning: The X11 connection broke (error 1). Did the X11 server die?
2020-04-23 11:31:33.383 (0x7ffed1024f00) Debug: New PolkitAgentListener  0x562b5dee7600
2020-04-23 11:31:33.383 (0x7ffed1024f00) Debug: Adding new listener  PolkitQt1::Agent::Listener(0x7ffed1024f10) for  0x562b5dee7600
2020-04-23 11:31:33.402 (0x7ffd0a0f5580) Debug: registerService failed: another service with 'org.freedesktop.Notifications' runs already
2020-04-23 11:31:33.635 (0x7ffe6bc7b1e0) Debug: ()
2020-04-23 11:31:33.812 (0x7ffe6bc7b1e0) Debug: WinIdChange 1800008 handle QWidgetWindow(0x562f6ca00da0, name="LXQtPanel panel1Window") QScreen(0x562f6c89f730, name="eDP1")
2020-04-23 11:31:33.968 (0x7ffe6bc7b1e0) Debug: Systray started
2020-04-23 11:31:34.679 (0x7ffe0890df00) Debug: BatteryChanged discharging: true chargeLevel: 78.9212 actionTime: QTime(Invalid)
2020-04-23 11:31:34.694 (0x7ffe0890df00) Debug: Inhibit got: 26
2020-04-23 11:31:34.934 (0x7ffe0890df00) Debug: Starting idlenesswatcher
2020-04-23 11:31:37.910 (0x7ffe6bc7b1e0) Warning:     * Error image is NULL
2020-04-23 11:31:37.913 (0x7ffe6bc7b1e0) Warning:     * Error image is NULL
2020-04-23 11:31:37.947 (0x7ffd1dd74610) Warning: QSystemTrayIcon::setVisible: No Icon set
2020-04-23 11:31:37.953 (0x7ffe6bc7b1e0) Warning:     * Error image is NULL
2020-04-23 11:31:38.664 (0x7ffd0a0f5580) Warning: QSystemTrayIcon::setVisible: No Icon set
2020-04-23 11:31:38.672 (0x7ffe6bc7b1e0) Warning:     * Error image is NULL
2020-04-23 11:31:54.311 (0x7ffe0890df00) Debug: onActivated 3
2020-04-23 11:31:54.311 (0x7ffe0890df00) Debug: toggleShow
2020-04-23 11:32:22.866 (0x7ffe6bc7b1e0) Warning: libpng warning: iCCP: known incorrect sRGB profile
2020-04-23 11:32:24.482 (0x7ffe6bc7b1e0) Warning: DSvgRenderer::load: XML parse error: error code=201 (3) in (null):19:20: Namespace prefix inkscape for label on filter is not defined

2020-04-23 11:32:24.483 (0x7ffe6bc7b1e0) Warning: DSvgRenderer::load: XML parse error: error code=201 (3) in (null):19:20: Namespace prefix inkscape for label on filter is not defined

2020-04-23 11:32:24.494 (0x7ffe6bc7b1e0) Warning: DSvgRenderer::load: XML parse error: error code=201 (3) in (null):54:35: Namespace prefix inkscape for label on filter is not defined

2020-04-23 11:32:24.494 (0x7ffe6bc7b1e0) Warning: DSvgRenderer::load: XML parse error: error code=201 (3) in (null):54:35: Namespace prefix inkscape for label on filter is not defined

2020-04-23 11:32:24.495 (0x7ffe6bc7b1e0) Warning: DSvgRenderer::load: XML parse error: error code=201 (3) in (null):186:49: Namespace prefix inkscape for label on g is not defined

2020-04-23 11:32:24.495 (0x7ffe6bc7b1e0) Warning: DSvgRenderer::load: XML parse error: error code=201 (3) in (null):186:49: Namespace prefix inkscape for label on g is not defined

2020-04-23 11:33:22.839 (0x7ffe0890df00) Debug: BatteryChanged discharging: true chargeLevel: 78.4481 actionTime: QTime(Invalid)
2020-04-23 11:33:25.803 (0x7ffe6bc7b1e0) Warning: QXcbConnection: XCB error: 3 (BadWindow), sequence: 8601, resource id: 58720258, major code: 18 (ChangeProperty), minor code: 0
2020-04-23 11:33:53.252 (0x7ffe540b5630) Warning: The X11 connection broke (error 1). Did the X11 server die?
2020-04-23 11:33:53.257 (0x7ffd1dd74610) Warning: The X11 connection broke (error 1). Did the X11 server die?
2020-04-23 11:33:53.259 (0x7ffc09cee690) Warning: The X11 connection broke (error 1). Did the X11 server die?
2020-04-23 11:33:53.259 (0x7ffd0a0f5580) Warning: The X11 connection broke (error 1). Did the X11 server die?
2020-04-23 11:33:53.262 (0x7ffe6bc7b1e0) Warning: The X11 connection broke (error 1). Did the X11 server die?
2020-04-23 11:33:53.268 (0x7ffed1024f00) Warning: The X11 connection broke (error 1). Did the X11 server die?
2020-04-23 11:34:14.691 (0x7ffd98b6a030) Warning: QSystemTrayIcon::setVisible: No Icon set
2020-04-23 11:34:41.603 (0x7ffcf3e6a220) Debug: WinIdChange 2e00006 handle QWidgetWindow(0x55d701535d60, name="LXQtPanel panel1Window") QScreen(0x55d7014e0700, name="eDP1")
2020-04-23 11:34:56.635 (0x7fff89bfec20) Debug: WinIdChange 2e00006 handle QWidgetWindow(0x560352a36e40, name="LXQtPanel panel1Window") QScreen(0x5603529e17c0, name="eDP1")
2020-04-23 11:38:15.259 (0x7ffdfec21f10) Debug: WinIdChange 2e00006 handle QWidgetWindow(0x56233f177e10, name="LXQtPanel panel1Window") QScreen(0x56233f1226a0, name="eDP1")
2020-04-23 11:38:23.493 (0x7ffd98b6a030) Debug: Oooook! Expecting instance of notification, got: 0
2020-04-23 12:58:48.316 (0x7ffed4208a40) Debug: WinIdChange 2600006 handle QWidgetWindow(0x55a9bf763c70, name="LXQtPanel panel1Window") QScreen(0x55a9bf70e6a0, name="eDP1")
2020-04-23 12:59:18.772 (0x7ffd226bd9c0) Warning: The X11 connection broke (error 1). Did the X11 server die?
2020-04-23 13:01:00.815 (0x7fff2b996470) Warning: The X11 connection broke (error 1). Did the X11 server die?
2020-04-23 13:01:04.768 (0x7ffd7b7ea390) Debug: registerService failed: another service with 'org.freedesktop.Notifications' runs already
2020-04-23 13:01:04.788 (0x7fffa0bebde0) Debug: New PolkitAgentListener  0x5646630d3600
2020-04-23 13:01:04.788 (0x7fffa0bebde0) Debug: Adding new listener  PolkitQt1::Agent::Listener(0x7fffa0bebdf0) for  0x5646630d3600
2020-04-23 13:01:05.029 (0x7ffecc2ed550) Debug: ()
2020-04-23 13:01:05.205 (0x7ffecc2ed550) Debug: WinIdChange 1e00008 handle QWidgetWindow(0x55624682fbf0, name="LXQtPanel panel1Window") QScreen(0x556246689a40, name="eDP1")
2020-04-23 13:01:05.359 (0x7ffecc2ed550) Debug: Systray started
2020-04-23 13:01:05.539 (0x7ffdcdfa7ab0) Debug: BatteryChanged discharging: true chargeLevel: 55.2401 actionTime: QTime(Invalid)
2020-04-23 13:01:05.544 (0x7ffdcdfa7ab0) Debug: Inhibit got: 26
2020-04-23 13:01:05.544 (0x7ffdcdfa7ab0) Debug: Starting idlenesswatcher
2020-04-23 13:01:05.681 (0x7ffecc2ed550) Warning:     * Error image is NULL
2020-04-23 13:01:09.488 (0x7ffee96b0b70) Warning: QSystemTrayIcon::setVisible: No Icon set
2020-04-23 13:01:09.492 (0x7ffecc2ed550) Warning:     * Error image is NULL
2020-04-23 13:01:09.751 (0x7ffd7b7ea390) Warning: QSystemTrayIcon::setVisible: No Icon set
2020-04-23 13:01:09.755 (0x7ffecc2ed550) Warning:     * Error image is NULL
2020-04-23 13:01:22.806 (0x7ffdcdfa7ab0) Debug: BatteryChanged discharging: true chargeLevel: 54.6487 actionTime: QTime(Invalid)
2020-04-23 13:01:43.893 (0x7ffdcdfa7ab0) Debug: onActivated 3
2020-04-23 13:01:43.893 (0x7ffdcdfa7ab0) Debug: toggleShow
2020-04-23 13:02:30.463 (0x7fff3e0387a0) Warning: The X11 connection broke (error 1). Did the X11 server die?
2020-04-23 13:02:30.470 (0x7ffee96b0b70) Warning: The X11 connection broke (error 1). Did the X11 server die?
2020-04-23 13:02:30.471 (0x7ffcf6ceb8b0) Warning: The X11 connection broke (error 1). Did the X11 server die?
2020-04-23 13:02:30.472 (0x7fffa0bebde0) Warning: The X11 connection broke (error 1). Did the X11 server die?
2020-04-23 13:03:23.982 (0x7ffe30801880) Warning: QSystemTrayIcon::setVisible: No Icon set
2020-04-23 13:03:29.575 (0x7ffd8ba40700) Debug: ()
2020-04-23 13:03:29.747 (0x7ffd8ba40700) Debug: WinIdChange 1c00008 handle QWidgetWindow(0x5587ea040960, name="LXQtPanel panel1Window") QScreen(0x5587e9e56720, name="eDP1")
2020-04-23 13:03:29.833 (0x7ffd8ba40700) Warning: Another systray is running
2020-04-23 13:45:32.134 (0x7fff94286a80) Warning: QSystemTrayIcon::setVisible: No Icon set
2020-04-23 13:46:42.012 (0x7ffe04457dc0) Warning: Failed to compute left/right minimum bearings for "cursor.pcf"
2020-04-23 13:46:42.087 (0x7ffe04457dc0) Warning: Failed to compute left/right minimum bearings for "deccurs.pcf"
2020-04-23 13:46:42.111 (0x7ffe04457dc0) Warning: Failed to compute left/right minimum bearings for "decsess.pcf"
2020-04-23 13:46:42.772 (0x7ffe04457dc0) Warning: Failed to compute left/right minimum bearings for "cursor.pcf"
2020-04-23 13:46:42.773 (0x7ffe04457dc0) Warning: Failed to compute left/right minimum bearings for "deccurs.pcf"
2020-04-23 13:46:42.774 (0x7ffe04457dc0) Warning: Failed to compute left/right minimum bearings for "decsess.pcf"
2020-04-23 13:46:42.846 (0x7ffe04457dc0) Warning: Failed to compute left/right minimum bearings for "cursor.pcf"
2020-04-23 13:46:45.234 (0x7ffe04457dc0) Warning: Failed to compute left/right minimum bearings for "micro.pcf"
2020-04-23 13:46:45.377 (0x7ffe04457dc0) Warning: Failed to compute left/right minimum bearings for "mtx"
2020-04-23 13:46:45.395 (0x7ffe04457dc0) Warning: Failed to compute left/right minimum bearings for "MUTT ClearlyU Alternate Glyphs Wide"
2020-04-23 13:46:45.442 (0x7ffe04457dc0) Warning: Failed to compute left/right minimum bearings for "MUTT ClearlyU PUA"
2020-04-23 13:47:08.735 (0x7fff94286a80) Warning: QFont::fromString: Invalid description '(empty)'
2020-04-23 13:47:08.804 (0x7ffe04457dc0) Warning: QFont::fromString: Invalid description '(empty)'
2020-04-23 13:48:12.254 (0x7ffe04457dc0) Warning: Icon theme "gnome" not found.
2020-04-23 13:48:17.410 (0x7ffe04457dc0) Warning: QCommonStyle::drawComplexControl: Control 1 not handled
2020-04-23 13:48:17.410 (0x7ffe04457dc0) Warning: QCommonStyle::drawComplexControl: Control 1 not handled
2020-04-23 13:48:17.410 (0x7ffe04457dc0) Warning: QCommonStyle::drawComplexControl: Control 1 not handled
2020-04-23 13:48:17.410 (0x7ffe04457dc0) Warning: QCommonStyle::drawComplexControl: Control 1 not handled
2020-04-23 13:48:17.771 (0x7ffe04457dc0) Warning: QCommonStyle::drawComplexControl: Control 1 not handled
2020-04-23 13:48:17.783 (0x7ffe04457dc0) Warning: QCommonStyle::drawComplexControl: Control 1 not handled
2020-04-23 13:48:17.796 (0x7ffe04457dc0) Warning: QCommonStyle::drawComplexControl: Control 1 not handled
2020-04-23 13:48:18.073 (0x7ffe04457dc0) Warning: QCommonStyle::drawComplexControl: Control 1 not handled
2020-04-23 13:48:18.087 (0x7ffe04457dc0) Warning: QCommonStyle::drawComplexControl: Control 1 not handled
2020-04-23 13:48:18.352 (0x7ffe04457dc0) Warning: QCommonStyle::drawComplexControl: Control 1 not handled
2020-04-23 13:48:18.376 (0x7ffe04457dc0) Warning: QCommonStyle::drawComplexControl: Control 1 not handled
2020-04-23 13:48:20.326 (0x7ffe04457dc0) Warning: QCommonStyle::drawComplexControl: Control 1 not handled
2020-04-23 13:48:20.329 (0x7ffe04457dc0) Warning: QCommonStyle::drawComplexControl: Control 1 not handled
2020-04-23 13:48:20.330 (0x7ffe04457dc0) Warning: QCommonStyle::drawComplexControl: Control 1 not handled
2020-04-23 13:48:20.332 (0x7ffe04457dc0) Warning: QCommonStyle::drawComplexControl: Control 1 not handled
2020-04-23 13:48:21.775 (0x7ffe04457dc0) Warning: QCommonStyle::drawComplexControl: Control 1 not handled
2020-04-23 13:48:21.777 (0x7ffe04457dc0) Warning: QCommonStyle::drawComplexControl: Control 1 not handled
2020-04-23 13:48:21.780 (0x7ffe04457dc0) Warning: QCommonStyle::drawComplexControl: Control 1 not handled
2020-04-23 13:48:21.781 (0x7ffe04457dc0) Warning: QCommonStyle::drawComplexControl: Control 1 not handled
2020-04-23 13:48:24.148 (0x7ffe04457dc0) Warning: QCommonStyle::drawComplexControl: Control 1 not handled
2020-04-23 13:48:24.149 (0x7ffe04457dc0) Warning: QCommonStyle::drawComplexControl: Control 1 not handled
2020-04-23 13:48:24.150 (0x7ffe04457dc0) Warning: QCommonStyle::drawComplexControl: Control 1 not handled
2020-04-23 13:48:24.150 (0x7ffe04457dc0) Warning: QCommonStyle::drawComplexControl: Control 1 not handled
2020-04-23 13:48:25.049 (0x7ffe04457dc0) Warning: QCommonStyle::drawComplexControl: Control 1 not handled
2020-04-23 13:48:25.209 (0x7ffe04457dc0) Warning: QCommonStyle::drawComplexControl: Control 1 not handled
2020-04-23 13:48:26.526 (0x7ffe04457dc0) Warning: QCommonStyle::drawComplexControl: Control 1 not handled
2020-04-23 13:48:26.564 (0x7ffe04457dc0) Warning: QCommonStyle::drawComplexControl: Control 1 not handled
2020-04-23 13:48:26.565 (0x7ffe04457dc0) Warning: QCommonStyle::drawComplexControl: Control 1 not handled
2020-04-23 13:48:26.566 (0x7ffe04457dc0) Warning: QCommonStyle::drawComplexControl: Control 1 not handled
2020-04-23 13:48:28.610 (0x7ffe04457dc0) Warning: QCommonStyle::drawComplexControl: Control 1 not handled
2020-04-23 13:48:28.612 (0x7ffe04457dc0) Warning: QCommonStyle::drawComplexControl: Control 1 not handled
2020-04-23 13:48:28.754 (0x7ffe04457dc0) Warning: QCommonStyle::drawComplexControl: Control 1 not handled
2020-04-23 13:48:28.755 (0x7ffe04457dc0) Warning: QCommonStyle::drawComplexControl: Control 1 not handled
2020-04-23 13:48:48.273 (0x7ffe04457dc0) Warning: QCommonStyle::drawComplexControl: Control 1 not handled
2020-04-23 13:48:48.273 (0x7ffe04457dc0) Warning: QCommonStyle::drawComplexControl: Control 1 not handled
2020-04-23 13:48:48.274 (0x7ffe04457dc0) Warning: QCommonStyle::drawComplexControl: Control 1 not handled
2020-04-23 13:48:48.274 (0x7ffe04457dc0) Warning: QCommonStyle::drawComplexControl: Control 1 not handled
2020-04-23 13:48:48.275 (0x7ffe04457dc0) Warning: QCommonStyle::drawComplexControl: Control 1 not handled
2020-04-23 13:48:48.275 (0x7ffe04457dc0) Warning: QCommonStyle::drawComplexControl: Control 1 not handled
2020-04-23 13:48:48.276 (0x7ffe04457dc0) Warning: QCommonStyle::drawComplexControl: Control 1 not handled
2020-04-23 13:48:48.687 (0x7ffe04457dc0) Warning: QCommonStyle::drawComplexControl: Control 1 not handled
2020-04-23 13:48:48.701 (0x7ffe04457dc0) Warning: QCommonStyle::drawComplexControl: Control 1 not handled
2020-04-23 13:48:49.152 (0x7ffe04457dc0) Warning: QCommonStyle::drawComplexControl: Control 1 not handled
2020-04-23 13:48:50.712 (0x7ffe04457dc0) Warning: QCommonStyle::drawComplexControl: Control 1 not handled
2020-04-23 13:48:50.714 (0x7ffe04457dc0) Warning: QCommonStyle::drawComplexControl: Control 1 not handled
2020-04-23 13:48:50.715 (0x7ffe04457dc0) Warning: QCommonStyle::drawComplexControl: Control 1 not handled
2020-04-23 13:48:56.206 (0x7ffe04457dc0) Warning: QCommonStyle::drawComplexControl: Control 1 not handled
2020-04-23 13:48:56.884 (0x7ffe04457dc0) Warning: QCommonStyle::drawComplexControl: Control 1 not handled
2020-04-23 13:48:56.897 (0x7ffe04457dc0) Warning: QCommonStyle::drawComplexControl: Control 1 not handled
2020-04-23 13:48:57.135 (0x7ffe04457dc0) Warning: QCommonStyle::drawComplexControl: Control 1 not handled
2020-04-23 13:48:57.136 (0x7ffe04457dc0) Warning: QCommonStyle::drawComplexControl: Control 1 not handled
2020-04-23 13:49:00.380 (0x7ffe04457dc0) Warning: QCommonStyle::drawComplexControl: Control 1 not handled
2020-04-23 13:49:00.387 (0x7ffe04457dc0) Warning: QCommonStyle::drawComplexControl: Control 1 not handled
2020-04-23 13:49:00.655 (0x7ffe04457dc0) Warning: QCommonStyle::drawComplexControl: Control 1 not handled
2020-04-23 13:49:01.515 (0x7ffe04457dc0) Warning: QCommonStyle::drawComplexControl: Control 1 not handled
2020-04-23 13:49:01.632 (0x7ffe04457dc0) Warning: QCommonStyle::drawComplexControl: Control 1 not handled
2020-04-23 13:49:01.634 (0x7ffe04457dc0) Warning: QCommonStyle::drawComplexControl: Control 1 not handled
2020-04-23 13:49:02.156 (0x7ffe04457dc0) Warning: QCommonStyle::drawComplexControl: Control 1 not handled
2020-04-23 13:49:02.607 (0x7ffe04457dc0) Warning: QCommonStyle::drawComplexControl: Control 1 not handled
2020-04-23 13:49:02.608 (0x7ffe04457dc0) Warning: QCommonStyle::drawComplexControl: Control 1 not handled
2020-04-23 13:49:02.609 (0x7ffe04457dc0) Warning: QCommonStyle::drawComplexControl: Control 1 not handled
2020-04-23 13:49:04.151 (0x7ffe04457dc0) Warning: QCommonStyle::drawComplexControl: Control 1 not handled
2020-04-23 13:49:04.158 (0x7ffe04457dc0) Warning: QCommonStyle::drawComplexControl: Control 1 not handled
2020-04-23 13:49:04.275 (0x7ffe04457dc0) Warning: QCommonStyle::drawComplexControl: Control 1 not handled
2020-04-23 13:49:04.288 (0x7ffe04457dc0) Warning: QCommonStyle::drawComplexControl: Control 1 not handled
2020-04-23 13:49:04.302 (0x7ffe04457dc0) Warning: QCommonStyle::drawComplexControl: Control 1 not handled
2020-04-23 13:49:04.909 (0x7ffe04457dc0) Warning: QCommonStyle::drawComplexControl: Control 1 not handled
2020-04-23 13:49:05.045 (0x7ffe04457dc0) Warning: QCommonStyle::drawComplexControl: Control 1 not handled
2020-04-23 13:49:05.046 (0x7ffe04457dc0) Warning: QCommonStyle::drawComplexControl: Control 1 not handled
2020-04-23 13:49:05.099 (0x7ffe04457dc0) Warning: QCommonStyle::drawComplexControl: Control 1 not handled
2020-04-23 13:49:05.099 (0x7ffe04457dc0) Warning: QCommonStyle::drawComplexControl: Control 1 not handled
2020-04-23 13:49:05.100 (0x7ffe04457dc0) Warning: QCommonStyle::drawComplexControl: Control 1 not handled
2020-04-23 13:49:05.100 (0x7ffe04457dc0) Warning: QCommonStyle::drawComplexControl: Control 1 not handled
2020-04-23 13:49:05.335 (0x7ffe04457dc0) Warning: QCommonStyle::drawComplexControl: Control 1 not handled
2020-04-23 13:49:05.924 (0x7ffe04457dc0) Warning: QCommonStyle::drawComplexControl: Control 1 not handled
2020-04-23 13:49:05.926 (0x7ffe04457dc0) Warning: QCommonStyle::drawComplexControl: Control 1 not handled
2020-04-23 13:49:05.927 (0x7ffe04457dc0) Warning: QCommonStyle::drawComplexControl: Control 1 not handled
2020-04-23 13:49:07.067 (0x7ffe04457dc0) Warning: QCommonStyle::drawComplexControl: Control 1 not handled
2020-04-23 13:49:07.924 (0x7ffe04457dc0) Warning: QCommonStyle::drawComplexControl: Control 1 not handled
2020-04-23 13:49:08.037 (0x7ffe04457dc0) Warning: QCommonStyle::drawComplexControl: Control 1 not handled
2020-04-23 13:49:08.038 (0x7ffe04457dc0) Warning: QCommonStyle::drawComplexControl: Control 1 not handled
2020-04-23 13:49:08.105 (0x7ffe04457dc0) Warning: QCommonStyle::drawComplexControl: Control 1 not handled
2020-04-23 13:49:08.105 (0x7ffe04457dc0) Warning: QCommonStyle::drawComplexControl: Control 1 not handled
2020-04-23 13:49:08.105 (0x7ffe04457dc0) Warning: QCommonStyle::drawComplexControl: Control 1 not handled
2020-04-23 13:49:08.105 (0x7ffe04457dc0) Warning: QCommonStyle::drawComplexControl: Control 1 not handled
2020-04-23 13:49:08.427 (0x7ffe04457dc0) Warning: QCommonStyle::drawComplexControl: Control 1 not handled
2020-04-23 13:49:08.440 (0x7ffe04457dc0) Warning: QCommonStyle::drawComplexControl: Control 1 not handled
2020-04-23 13:49:08.440 (0x7ffe04457dc0) Warning: QCommonStyle::drawComplexControl: Control 1 not handled
2020-04-23 13:49:08.490 (0x7ffe04457dc0) Warning: QCommonStyle::drawComplexControl: Control 1 not handled
2020-04-23 13:49:08.642 (0x7ffe04457dc0) Warning: QCommonStyle::drawComplexControl: Control 1 not handled
2020-04-23 13:49:08.667 (0x7ffe04457dc0) Warning: QCommonStyle::drawComplexControl: Control 1 not handled
2020-04-23 13:49:08.678 (0x7ffe04457dc0) Warning: QCommonStyle::drawComplexControl: Control 1 not handled
2020-04-23 13:49:08.691 (0x7ffe04457dc0) Warning: QCommonStyle::drawComplexControl: Control 1 not handled
2020-04-23 13:49:09.297 (0x7ffe04457dc0) Warning: QCommonStyle::drawComplexControl: Control 1 not handled
2020-04-23 13:49:09.316 (0x7ffe04457dc0) Warning: QCommonStyle::drawComplexControl: Control 1 not handled
2020-04-23 13:49:09.323 (0x7ffe04457dc0) Warning: QCommonStyle::drawComplexControl: Control 1 not handled
2020-04-23 13:49:09.638 (0x7ffe04457dc0) Warning: QCommonStyle::drawComplexControl: Control 1 not handled
2020-04-23 13:49:09.663 (0x7ffe04457dc0) Warning: QCommonStyle::drawComplexControl: Control 1 not handled
2020-04-23 13:49:09.902 (0x7ffe04457dc0) Warning: QCommonStyle::drawComplexControl: Control 1 not handled
2020-04-23 13:49:10.213 (0x7ffe04457dc0) Warning: QCommonStyle::drawComplexControl: Control 1 not handled
2020-04-23 13:49:10.214 (0x7ffe04457dc0) Warning: QCommonStyle::drawComplexControl: Control 1 not handled
2020-04-23 13:49:10.216 (0x7ffe04457dc0) Warning: QCommonStyle::drawComplexControl: Control 1 not handled
2020-04-23 13:49:11.251 (0x7ffe04457dc0) Warning: QCommonStyle::drawComplexControl: Control 1 not handled
2020-04-23 13:49:11.254 (0x7ffe04457dc0) Warning: QCommonStyle::drawComplexControl: Control 1 not handled
2020-04-23 13:49:11.504 (0x7ffe04457dc0) Warning: QCommonStyle::drawComplexControl: Control 1 not handled
2020-04-23 13:49:11.516 (0x7ffe04457dc0) Warning: QCommonStyle::drawComplexControl: Control 1 not handled
2020-04-23 13:49:11.531 (0x7ffe04457dc0) Warning: QCommonStyle::drawComplexControl: Control 1 not handled
2020-04-23 13:49:11.531 (0x7ffe04457dc0) Warning: QCommonStyle::drawComplexControl: Control 1 not handled
2020-04-23 13:49:11.541 (0x7ffe04457dc0) Warning: QCommonStyle::drawComplexControl: Control 1 not handled
2020-04-23 13:49:12.021 (0x7ffe04457dc0) Warning: QCommonStyle::drawComplexControl: Control 1 not handled
2020-04-23 13:49:12.134 (0x7ffe04457dc0) Warning: QCommonStyle::drawComplexControl: Control 1 not handled
2020-04-23 13:49:12.135 (0x7ffe04457dc0) Warning: QCommonStyle::drawComplexControl: Control 1 not handled
2020-04-23 13:50:00.291 (0x7ffd19a2c220) Warning: QCommandLineParser: already having an option named "h"
2020-04-23 13:50:00.342 (0x7ffd19a2c220) Debug: Found output: "eDP1"
2020-04-23 13:50:00.343 (0x7ffd19a2c220) Debug: Output: "eDP1" added
2020-04-23 13:50:00.343 (0x7ffd19a2c220) Debug: Found output: "DP1"
2020-04-23 13:50:00.343 (0x7ffd19a2c220) Debug: Output is not connected
2020-04-23 13:50:00.343 (0x7ffd19a2c220) Debug: Found output: "HDMI1"
2020-04-23 13:50:00.343 (0x7ffd19a2c220) Debug: Output is not connected
2020-04-23 13:50:00.343 (0x7ffd19a2c220) Debug: Found output: "HDMI2"
2020-04-23 13:50:00.343 (0x7ffd19a2c220) Debug: Output is not connected
2020-04-23 13:50:00.343 (0x7ffd19a2c220) Debug: Found output: "VIRTUAL1"
2020-04-23 13:50:00.343 (0x7ffd19a2c220) Debug: Output is not connected
2020-04-23 14:38:07.432 (0x7ffe9324cda0) Warning: QSystemTrayIcon::setVisible: No Icon set
2020-04-23 14:38:46.784 (0x7ffe9324cda0) Warning: The X11 connection broke (error 1). Did the X11 server die?
2020-04-23 14:57:58.773 (0x7fff9108f6d0) Debug: WinIdChange 1a00006 handle QWidgetWindow(0x5563489b7140, name="LXQtPanel panel1Window") QScreen(0x5563489616a0, name="eDP1")
2020-04-23 14:58:05.259 (0x7ffe60cef800) Debug: WinIdChange 1a00006 handle QWidgetWindow(0x5607757f03f0, name="LXQtPanel panel1Window") QScreen(0x56077579a700, name="eDP1")
2020-04-23 14:58:08.466 (0x7fffe936e130) Debug: WinIdChange 1a00006 handle QWidgetWindow(0x563f567c21f0, name="LXQtPanel panel1Window") QScreen(0x563f5676c7f0, name="eDP1")
2020-04-23 14:58:31.182 (0x7ffe22e04b20) Debug: ()
2020-04-23 14:58:31.280 (0x7ffe22e04b20) Debug: WinIdChange 1a00008 handle QWidgetWindow(0x5650d6efe100, name="LXQtPanel panel1Window") QScreen(0x5650d6d9c6c0, name="eDP1")
2020-04-23 14:58:31.363 (0x7ffe22e04b20) Warning: Another systray is running
2020-04-23 15:00:27.562 (0x7ffe25e2e020) Warning: QCommandLineParser: already having an option named "l"
2020-04-23 15:00:27.562 (0x7ffe25e2e020) Warning: QCommandLineParser: already having an option named "h"
2020-04-23 15:00:27.562 (0x7ffe25e2e020) Warning: QCommandLineParser: already having an option named "help-all"
2020-04-23 15:00:27.741 (0x7ffe25e2e020) Debug: Connecting to KScreen...
2020-04-23 15:00:36.591 (0x7ffc85f15210) Warning: QObject::connect: No such signal QDBusAbstractInterface::moduleStateChanged(QString,bool)
2020-04-23 15:04:14.591 (0x7ffc68e60df0) Debug: ()
2020-04-23 15:04:14.713 (0x7ffc68e60df0) Debug: WinIdChange 1000008 handle QWidgetWindow(0x556815a37940, name="LXQtPanel panel1Window") QScreen(0x55681590f700, name="eDP1")
2020-04-23 15:04:14.799 (0x7ffc68e60df0) Warning: Another systray is running
2020-04-23 15:04:50.639 (0x7ffc4e2c3d20) Debug: ()
2020-04-23 15:04:50.763 (0x7ffc4e2c3d20) Debug: WinIdChange 1000008 handle QWidgetWindow(0x55ad6d2e7f30, name="LXQtPanel panel1Window") QScreen(0x55ad6d09c7b0, name="eDP1")
2020-04-23 15:04:50.858 (0x7ffc4e2c3d20) Warning: Another systray is running
2020-04-23 15:34:27.919 (0x7fff8d1918a0) Debug: ()
2020-04-23 15:34:28.029 (0x7fff8d1918a0) Debug: WinIdChange 3200008 handle QWidgetWindow(0x5557cf4d2b40, name="LXQtPanel panel1Window") QScreen(0x5557cf287830, name="eDP1")
2020-04-23 15:34:28.178 (0x7fff8d1918a0) Warning: Another systray is running
2020-04-23 15:47:35.733 (0x7ffdd85642a0) Debug: ()
2020-04-23 15:47:35.885 (0x7ffdd85642a0) Debug: WinIdChange 3200008 handle QWidgetWindow(0x561e6f678710, name="LXQtPanel panel1Window") QScreen(0x561e6f427880, name="eDP1")
2020-04-23 15:47:36.031 (0x7ffdd85642a0) Warning: Another systray is running
2020-04-23 15:49:06.118 (0x7fff2cc4e680) Debug: WinIdChange 1200006 handle QWidgetWindow(0x55def04dc820, name="LXQtPanel panel1Window") QScreen(0x55def0428820, name="eDP1")
2020-04-23 15:49:12.876 (0x7fffd5876700) Warning: The X11 connection broke (error 1). Did the X11 server die?
2020-04-23 15:49:12.877 (0x7fff2cc4e680) Warning: The X11 connection broke (error 1). Did the X11 server die?
2020-04-23 15:50:01.680 (0x7ffc2a51d150) Debug: ()
2020-04-23 15:50:01.774 (0x7ffc2a51d150) Debug: WinIdChange 1c00008 handle QWidgetWindow(0x563da4c74e80, name="LXQtPanel panel1Window") QScreen(0x563da4b44750, name="eDP1")
2020-04-23 15:50:01.876 (0x7ffc2a51d150) Warning: Another systray is running
2020-04-23 15:50:12.891 (0x7ffdca59bce0) Warning: The X11 connection broke (error 1). Did the X11 server die?
2020-04-23 15:51:01.081 (0x7ffdf3bf77b0) Debug: ()
2020-04-23 15:51:01.234 (0x7ffdf3bf77b0) Debug: WinIdChange 1c00008 handle QWidgetWindow(0x55c638a89ce0, name="LXQtPanel panel1Window") QScreen(0x55c63883f690, name="eDP1")
2020-04-23 15:51:01.321 (0x7ffdf3bf77b0) Warning: Another systray is running
2020-04-23 15:51:04.588 (0x7fffd39c0fd0) Warning: The X11 connection broke (error 1). Did the X11 server die?
2020-04-23 15:52:15.192 (0x7fff999ce800) Debug: WinIdChange 1c00006 handle QWidgetWindow(0x563ee1ff6ea0, name="LXQtPanel panel1Window") QScreen(0x563ee1f426b0, name="eDP1")
2020-04-23 15:52:19.767 (0x7ffd2bc18f50) Warning: The X11 connection broke (error 1). Did the X11 server die?
2020-04-23 15:52:19.771 (0x7fff999ce800) Warning: The X11 connection broke (error 1). Did the X11 server die?
2020-04-23 15:53:01.378 (0x7ffc391f0d30) Debug: WinIdChange 1c00006 handle QWidgetWindow(0x55cddd203dd0, name="LXQtPanel panel1Window") QScreen(0x55cddd14f6b0, name="eDP1")
2020-04-23 15:53:05.163 (0x7ffddfd8c5c0) Warning: The X11 connection broke (error 1). Did the X11 server die?
2020-04-23 15:53:05.169 (0x7ffc391f0d30) Warning: The X11 connection broke (error 1). Did the X11 server die?
2020-04-23 16:12:39.343 (0x7ffdc83968b0) Debug: ()
2020-04-23 16:12:39.628 (0x7ffdc83968b0) Debug: WinIdChange 1200008 handle QWidgetWindow(0x559f513a9fa0, name="LXQtPanel panel1Window") QScreen(0x559f5110a6b0, name="eDP1")
2020-04-23 16:12:39.763 (0x7ffdc83968b0) Warning: Another systray is running
2020-04-23 16:12:43.992 (0x7ffd40382db0) Warning: The X11 connection broke (error 1). Did the X11 server die?
2020-04-23 16:12:45.377 (0x7ffdc83968b0) Warning: The X11 connection broke (error 1). Did the X11 server die?
2020-04-23 16:14:49.255 (0x7ffef8e5b4c0) Warning: QSystemTrayIcon::setVisible: No Icon set
2020-04-23 18:29:01.422 (0x7ffef8e5b4c0) Warning: The X11 connection broke (error 1). Did the X11 server die?
2020-04-23 18:38:40.479 (0x7ffcb8bf35d0) Warning: QCommandLineParser: already having an option named "l"
2020-04-23 18:38:40.479 (0x7ffcb8bf35d0) Warning: QCommandLineParser: already having an option named "h"
2020-04-23 18:38:40.479 (0x7ffcb8bf35d0) Warning: QCommandLineParser: already having an option named "help-all"
2020-04-23 18:38:40.644 (0x7ffcb8bf35d0) Debug: Connecting to KScreen...
2020-04-23 19:30:17.747 (0x7ffeb85fc750) Warning: Icon theme "gnome" not found.
2020-04-23 19:30:17.755 (0x7ffce8a8f830) Warning: Icon theme "gnome" not found.
2020-04-23 19:30:32.288 (0x7ffce8a8f830) Warning: QCommonStyle::drawComplexControl: Control 1 not handled
2020-04-23 19:30:32.289 (0x7ffce8a8f830) Warning: QCommonStyle::drawComplexControl: Control 1 not handled
2020-04-23 19:30:32.289 (0x7ffce8a8f830) Warning: QCommonStyle::drawComplexControl: Control 1 not handled
2020-04-23 19:30:32.289 (0x7ffce8a8f830) Warning: QCommonStyle::drawComplexControl: Control 1 not handled
2020-04-23 19:30:32.320 (0x7ffce8a8f830) Warning: QCommonStyle::drawComplexControl: Control 1 not handled
2020-04-23 19:30:32.320 (0x7ffce8a8f830) Warning: QCommonStyle::drawComplexControl: Control 1 not handled
2020-04-23 19:30:32.320 (0x7ffce8a8f830) Warning: QCommonStyle::drawComplexControl: Control 1 not handled
2020-04-23 19:30:36.570 (0x7ffce8a8f830) Warning: QCommonStyle::drawComplexControl: Control 1 not handled
2020-04-23 19:30:36.570 (0x7ffce8a8f830) Warning: QCommonStyle::drawComplexControl: Control 1 not handled
2020-04-23 19:30:36.574 (0x7ffce8a8f830) Warning: QCommonStyle::drawComplexControl: Control 1 not handled
2020-04-23 19:30:36.574 (0x7ffce8a8f830) Warning: QCommonStyle::drawComplexControl: Control 1 not handled
2020-04-23 19:30:37.089 (0x7ffce8a8f830) Warning: QCommonStyle::drawComplexControl: Control 1 not handled
2020-04-23 19:30:37.103 (0x7ffce8a8f830) Warning: QCommonStyle::drawComplexControl: Control 1 not handled
2020-04-23 19:30:37.117 (0x7ffce8a8f830) Warning: QCommonStyle::drawComplexControl: Control 1 not handled
2020-04-23 19:30:37.129 (0x7ffce8a8f830) Warning: QCommonStyle::drawComplexControl: Control 1 not handled
2020-04-23 19:30:37.130 (0x7ffce8a8f830) Warning: QCommonStyle::drawComplexControl: Control 1 not handled
2020-04-23 19:30:37.143 (0x7ffce8a8f830) Warning: QCommonStyle::drawComplexControl: Control 1 not handled
2020-04-23 19:30:37.179 (0x7ffce8a8f830) Warning: QCommonStyle::drawComplexControl: Control 1 not handled
2020-04-23 19:30:37.192 (0x7ffce8a8f830) Warning: QCommonStyle::drawComplexControl: Control 1 not handled
2020-04-23 19:30:37.530 (0x7ffce8a8f830) Warning: QCommonStyle::drawComplexControl: Control 1 not handled
2020-04-23 19:30:37.531 (0x7ffce8a8f830) Warning: QCommonStyle::drawComplexControl: Control 1 not handled
2020-04-23 19:30:37.539 (0x7ffce8a8f830) Warning: QCommonStyle::drawComplexControl: Control 1 not handled
2020-04-23 19:30:38.386 (0x7ffce8a8f830) Warning: QCommonStyle::drawComplexControl: Control 1 not handled
2020-04-23 19:30:38.538 (0x7ffce8a8f830) Warning: QCommonStyle::drawComplexControl: Control 1 not handled
2020-04-23 19:30:38.551 (0x7ffce8a8f830) Warning: QCommonStyle::drawComplexControl: Control 1 not handled
2020-04-23 19:30:38.565 (0x7ffce8a8f830) Warning: QCommonStyle::drawComplexControl: Control 1 not handled
2020-04-23 19:30:38.565 (0x7ffce8a8f830) Warning: QCommonStyle::drawComplexControl: Control 1 not handled
2020-04-23 19:30:38.576 (0x7ffce8a8f830) Warning: QCommonStyle::drawComplexControl: Control 1 not handled
2020-04-23 19:30:38.601 (0x7ffce8a8f830) Warning: QCommonStyle::drawComplexControl: Control 1 not handled
2020-04-23 19:30:38.614 (0x7ffce8a8f830) Warning: QCommonStyle::drawComplexControl: Control 1 not handled
2020-04-23 19:30:39.491 (0x7ffce8a8f830) Warning: QCommonStyle::drawComplexControl: Control 1 not handled
2020-04-23 19:30:39.593 (0x7ffce8a8f830) Warning: QCommonStyle::drawComplexControl: Control 1 not handled
2020-04-23 19:30:39.594 (0x7ffce8a8f830) Warning: QCommonStyle::drawComplexControl: Control 1 not handled
2020-04-23 19:30:43.894 (0x7ffce8a8f830) Warning: QCommonStyle::drawComplexControl: Control 1 not handled
2020-04-23 19:30:43.894 (0x7ffce8a8f830) Warning: QCommonStyle::drawComplexControl: Control 1 not handled
2020-04-23 19:30:43.894 (0x7ffce8a8f830) Warning: QCommonStyle::drawComplexControl: Control 1 not handled
2020-04-23 19:30:43.895 (0x7ffce8a8f830) Warning: QCommonStyle::drawComplexControl: Control 1 not handled
2020-04-23 19:30:44.918 (0x7ffce8a8f830) Warning: QCommonStyle::drawComplexControl: Control 1 not handled
2020-04-23 19:30:44.938 (0x7ffce8a8f830) Warning: QCommonStyle::drawComplexControl: Control 1 not handled
2020-04-23 19:30:44.977 (0x7ffce8a8f830) Warning: QCommonStyle::drawComplexControl: Control 1 not handled
2020-04-23 19:30:45.001 (0x7ffce8a8f830) Warning: QCommonStyle::drawComplexControl: Control 1 not handled
2020-04-23 19:30:45.002 (0x7ffce8a8f830) Warning: QCommonStyle::drawComplexControl: Control 1 not handled
2020-04-23 19:30:45.014 (0x7ffce8a8f830) Warning: QCommonStyle::drawComplexControl: Control 1 not handled
2020-04-23 19:30:45.344 (0x7ffce8a8f830) Warning: QCommonStyle::drawComplexControl: Control 1 not handled
2020-04-23 19:30:45.369 (0x7ffce8a8f830) Warning: QCommonStyle::drawComplexControl: Control 1 not handled
2020-04-23 19:30:45.382 (0x7ffce8a8f830) Warning: QCommonStyle::drawComplexControl: Control 1 not handled
2020-04-23 19:30:45.408 (0x7ffce8a8f830) Warning: QCommonStyle::drawComplexControl: Control 1 not handled
2020-04-23 19:30:45.573 (0x7ffce8a8f830) Warning: QCommonStyle::drawComplexControl: Control 1 not handled
2020-04-23 19:30:45.598 (0x7ffce8a8f830) Warning: QCommonStyle::drawComplexControl: Control 1 not handled
2020-04-23 19:30:45.611 (0x7ffce8a8f830) Warning: QCommonStyle::drawComplexControl: Control 1 not handled
2020-04-23 19:30:45.612 (0x7ffce8a8f830) Warning: QCommonStyle::drawComplexControl: Control 1 not handled
2020-04-23 19:30:45.624 (0x7ffce8a8f830) Warning: QCommonStyle::drawComplexControl: Control 1 not handled
2020-04-23 19:30:45.942 (0x7ffce8a8f830) Warning: QCommonStyle::drawComplexControl: Control 1 not handled
2020-04-23 19:30:46.207 (0x7ffce8a8f830) Warning: QCommonStyle::drawComplexControl: Control 1 not handled
2020-04-23 19:30:46.219 (0x7ffce8a8f830) Warning: QCommonStyle::drawComplexControl: Control 1 not handled
2020-04-23 19:30:46.480 (0x7ffce8a8f830) Warning: QCommonStyle::drawComplexControl: Control 1 not handled
2020-04-23 19:30:46.480 (0x7ffce8a8f830) Warning: QCommonStyle::drawComplexControl: Control 1 not handled
2020-04-23 19:30:46.482 (0x7ffce8a8f830) Warning: QCommonStyle::drawComplexControl: Control 1 not handled
2020-04-23 19:30:47.542 (0x7ffce8a8f830) Warning: QCommonStyle::drawComplexControl: Control 1 not handled
2020-04-23 19:30:47.548 (0x7ffce8a8f830) Warning: QCommonStyle::drawComplexControl: Control 1 not handled
2020-04-23 19:30:47.769 (0x7ffce8a8f830) Warning: QCommonStyle::drawComplexControl: Control 1 not handled
2020-04-23 19:30:47.769 (0x7ffce8a8f830) Warning: QCommonStyle::drawComplexControl: Control 1 not handled
2020-04-23 19:30:47.782 (0x7ffce8a8f830) Warning: QCommonStyle::drawComplexControl: Control 1 not handled
2020-04-23 19:30:47.845 (0x7ffce8a8f830) Warning: QCommonStyle::drawComplexControl: Control 1 not handled
2020-04-23 19:30:47.857 (0x7ffce8a8f830) Warning: QCommonStyle::drawComplexControl: Control 1 not handled
2020-04-23 19:30:48.710 (0x7ffce8a8f830) Warning: QCommonStyle::drawComplexControl: Control 1 not handled
2020-04-23 19:30:48.820 (0x7ffce8a8f830) Warning: QCommonStyle::drawComplexControl: Control 1 not handled
2020-04-23 19:30:48.820 (0x7ffce8a8f830) Warning: QCommonStyle::drawComplexControl: Control 1 not handled
